<?xml version="1.0" encoding="UTF-8"?>
<testng-results skipped="0" failed="0" total="1" passed="1">
  <reporter-output>
  </reporter-output>
  <suite name="Default suite" duration-ms="8258" started-at="2012-12-31T15:08:44Z" finished-at="2012-12-31T15:08:52Z">
    <groups>
    </groups>
    <test name="Default test" duration-ms="8258" started-at="2012-12-31T15:08:44Z" finished-at="2012-12-31T15:08:52Z">
      <class name="hu.pte.schafferg.cellarManager.test.ServiceTest">
        <test-method status="PASS" signature="springTestContextBeforeTestClass()[pri:0, instance:hu.pte.schafferg.cellarManager.test.ServiceTest@5b5b0e9f]" name="springTestContextBeforeTestClass" is-config="true" duration-ms="9" started-at="2012-12-31T16:08:44Z" finished-at="2012-12-31T16:08:44Z">
          <reporter-output>
          </reporter-output>
        </test-method> <!-- springTestContextBeforeTestClass -->
        <test-method status="PASS" signature="springTestContextPrepareTestInstance()[pri:0, instance:hu.pte.schafferg.cellarManager.test.ServiceTest@5b5b0e9f]" name="springTestContextPrepareTestInstance" is-config="true" duration-ms="3526" started-at="2012-12-31T16:08:44Z" depends-on-methods="org.springframework.test.context.testng.AbstractTestNGSpringContextTests.springTestContextBeforeTestClass" finished-at="2012-12-31T16:08:47Z">
          <reporter-output>
          </reporter-output>
        </test-method> <!-- springTestContextPrepareTestInstance -->
        <test-method status="PASS" signature="springTestContextBeforeTestMethod(java.lang.reflect.Method)[pri:0, instance:hu.pte.schafferg.cellarManager.test.ServiceTest@5b5b0e9f]" name="springTestContextBeforeTestMethod" is-config="true" duration-ms="1" started-at="2012-12-31T16:08:47Z" finished-at="2012-12-31T16:08:47Z">
          <params>
            <param index="0">
              <value>
                <![CDATA[public void hu.pte.schafferg.cellarManager.test.ServiceTest.test() throws javax.mail.MessagingException]]>
              </value>
            </param>
          </params>
          <reporter-output>
          </reporter-output>
        </test-method> <!-- springTestContextBeforeTestMethod -->
        <test-method status="PASS" signature="test()[pri:0, instance:hu.pte.schafferg.cellarManager.test.ServiceTest@5b5b0e9f]" name="test" duration-ms="4700" started-at="2012-12-31T16:08:47Z" finished-at="2012-12-31T16:08:52Z">
          <reporter-output>
          </reporter-output>
        </test-method> <!-- test -->
        <test-method status="PASS" signature="springTestContextAfterTestMethod(java.lang.reflect.Method)[pri:0, instance:hu.pte.schafferg.cellarManager.test.ServiceTest@5b5b0e9f]" name="springTestContextAfterTestMethod" is-config="true" duration-ms="3" started-at="2012-12-31T16:08:52Z" finished-at="2012-12-31T16:08:52Z">
          <params>
            <param index="0">
              <value>
                <![CDATA[public void hu.pte.schafferg.cellarManager.test.ServiceTest.test() throws javax.mail.MessagingException]]>
              </value>
            </param>
          </params>
          <reporter-output>
          </reporter-output>
        </test-method> <!-- springTestContextAfterTestMethod -->
        <test-method status="PASS" signature="springTestContextAfterTestClass()[pri:0, instance:hu.pte.schafferg.cellarManager.test.ServiceTest@5b5b0e9f]" name="springTestContextAfterTestClass" is-config="true" duration-ms="1" started-at="2012-12-31T16:08:52Z" finished-at="2012-12-31T16:08:52Z">
          <reporter-output>
          </reporter-output>
        </test-method> <!-- springTestContextAfterTestClass -->
      </class> <!-- hu.pte.schafferg.cellarManager.test.ServiceTest -->
    </test> <!-- Default test -->
  </suite> <!-- Default suite -->
</testng-results>
